c:\users\armand\desktop\visual studio projects\passgen_2.0v\passgen\debug\vc141.pdb
c:\users\armand\desktop\visual studio projects\passgen_2.0v\passgen\debug\.netframework,version=v4.6.1.assemblyattributes.obj
c:\users\armand\desktop\visual studio projects\passgen_2.0v\passgen\debug\.netframework,version=v4.6.1.assemblyattributes.asm
c:\users\armand\desktop\visual studio projects\passgen_2.0v\passgen\debug\okno.obj
c:\users\armand\desktop\visual studio projects\passgen_2.0v\debug\passgen.exe
c:\users\armand\desktop\visual studio projects\passgen_2.0v\debug\passgen.pdb
c:\users\armand\desktop\visual studio projects\passgen_2.0v\passgen\debug\passgen.okno.resources
c:\users\armand\desktop\visual studio projects\passgen_2.0v\passgen\debug\passgen.vcxproj.generateresource.cache
c:\users\armand\desktop\visual studio projects\passgen_2.0v\passgen\debug\passgen.vcxprojresolveassemblyreference.cache
c:\users\armand\desktop\visual studio projects\passgen_2.0v\passgen\debug\passgen.tlog\cl.command.1.tlog
c:\users\armand\desktop\visual studio projects\passgen_2.0v\passgen\debug\passgen.tlog\cl.read.1.tlog
c:\users\armand\desktop\visual studio projects\passgen_2.0v\passgen\debug\passgen.tlog\cl.write.1.tlog
c:\users\armand\desktop\visual studio projects\passgen_2.0v\passgen\debug\passgen.tlog\link.command.1.tlog
c:\users\armand\desktop\visual studio projects\passgen_2.0v\passgen\debug\passgen.tlog\link.read.1.tlog
c:\users\armand\desktop\visual studio projects\passgen_2.0v\passgen\debug\passgen.tlog\link.write.1.tlog
c:\users\armand\desktop\visual studio projects\passgen_2.0v\passgen\debug\passgen.tlog\metagen.read.1.tlog
c:\users\armand\desktop\visual studio projects\passgen_2.0v\passgen\debug\passgen.tlog\metagen.write.1.tlog
c:\users\armand\desktop\visual studio projects\passgen_2.0v\passgen\debug\passgen.tlog\passgen.write.1u.tlog
c:\users\armand\desktop\visual studio projects\passgen_2.0v\passgen\debug\passgen.tlog\rsaenh.dll.bi
c:\users\armand\desktop\visual studio projects\passgen_2.0v\passgen\debug\passgen.tlog\tzres.dll.bi
